<?xml version="1.0" encoding="UTF-8" ?>
<testsuite errors="0" failures="0" hostname="5CD7033NL3" name="devops.numbers.NumberWordsTests" skipped="0" tests="5" time="0.077" timestamp="2018-10-31T09:11:48">
  <properties>
[...]
</properties>
  <testcase classname="devops.numbers.NumberWordsTests" name="numberRangeTenToNineteen" time="0.001" />
  <testcase classname="devops.numbers.NumberWordsTests" name="numberOutOfRangeReturnsError" time="0.001" />
  <testcase classname="devops.numbers.NumberWordsTests" name="numberRangeTwentyToNinetyNine" time="0.0" />
  <testcase classname="devops.numbers.NumberWordsTests" name="numberRangeHundredToNineHundredNinetyNine" time="0.005" />
  <testcase classname="devops.numbers.NumberWordsTests" name="numberRangeOneToNine" time="0.0" />
  <system-out><![CDATA[]]></system-out>
  <system-err><![CDATA[]]></system-err>
</testsuite>
